[0m19:46:14.042451 [debug] [MainThread]: Sending event: {'category': 'dbt', 'action': 'invocation', 'label': 'start', 'context': [<snowplow_tracker.self_describing_json.SelfDescribingJson object at 0x105a395e0>, <snowplow_tracker.self_describing_json.SelfDescribingJson object at 0x106ad6df0>, <snowplow_tracker.self_describing_json.SelfDescribingJson object at 0x106ad66a0>]}


============================== 19:46:14.045737 | 6ad550b2-61fe-47da-8690-bed9cab6880f ==============================
[0m19:46:14.045737 [info ] [MainThread]: Running with dbt=1.9.1
[0m19:46:14.046050 [debug] [MainThread]: running dbt with arguments {'printer_width': '80', 'indirect_selection': 'eager', 'log_cache_events': 'False', 'write_json': 'True', 'partial_parse': 'True', 'cache_selected_only': 'False', 'profiles_dir': '/Users/atharvnanaware/.dbt', 'version_check': 'True', 'fail_fast': 'False', 'log_path': 'logs', 'debug': 'False', 'warn_error': 'None', 'use_colors': 'True', 'use_experimental_parser': 'False', 'empty': 'None', 'quiet': 'False', 'no_print': 'None', 'warn_error_options': 'WarnErrorOptions(include=[], exclude=[])', 'invocation_command': 'dbt init', 'static_parser': 'True', 'introspect': 'True', 'target_path': 'None', 'log_format': 'default', 'send_anonymous_usage_stats': 'True'}
[0m19:46:42.608808 [debug] [MainThread]: Starter project path: /Users/atharvnanaware/Desktop/Projects/MedalionWorks/.venv/lib/python3.9/site-packages/dbt/include/starter_project
[0m19:46:42.618843 [info ] [MainThread]: 
Your new dbt project "dbt_redshift_dw" was created!

For more information on how to configure the profiles.yml file,
please consult the dbt documentation here:

  https://docs.getdbt.com/docs/configure-your-profile

One more thing:

Need help? Don't hesitate to reach out to us via GitHub issues or on Slack:

  https://community.getdbt.com/

Happy modeling!

[0m19:46:42.619399 [info ] [MainThread]: Setting up your profile.
[0m19:47:06.354842 [debug] [MainThread]: Redshift adapter: Setting redshift_connector to ERROR
[0m19:47:06.355389 [debug] [MainThread]: Redshift adapter: Setting redshift_connector.core to ERROR
[0m19:50:48.845676 [info ] [MainThread]: Profile dbt_redshift_dw written to /Users/atharvnanaware/.dbt/profiles.yml using target's profile_template.yml and your supplied values. Run 'dbt debug' to validate the connection.
[0m19:50:48.856733 [debug] [MainThread]: Resource report: {"command_name": "init", "command_success": true, "command_wall_clock_time": 274.86023, "process_in_blocks": "0", "process_kernel_time": 0.212983, "process_mem_max_rss": "89112576", "process_out_blocks": "0", "process_user_time": 0.786584}
[0m19:50:48.857967 [debug] [MainThread]: Command `dbt init` succeeded at 19:50:48.857740 after 274.86 seconds
[0m19:50:48.859048 [debug] [MainThread]: Sending event: {'category': 'dbt', 'action': 'invocation', 'label': 'end', 'context': [<snowplow_tracker.self_describing_json.SelfDescribingJson object at 0x105a395e0>, <snowplow_tracker.self_describing_json.SelfDescribingJson object at 0x107a20520>, <snowplow_tracker.self_describing_json.SelfDescribingJson object at 0x107a184c0>]}
[0m19:50:48.860523 [debug] [MainThread]: Flushing usage events
[0m19:50:49.961595 [debug] [MainThread]: An error was encountered while trying to flush usage events
